Start testing: May 25 15:23 CST
----------------------------------------------------------
1/2 Testing: chat_server_tests
1/2 Test: chat_server_tests
Command: "/home/lin/chat_server/build/chat_server_tests"
Directory: /home/lin/chat_server/build
"chat_server_tests" start time: May 25 15:23 CST
Output:
----------------------------------------------------------
chat_server_tests passed
<end of output>
Test time =   0.68 sec
----------------------------------------------------------
Test Passed.
"chat_server_tests" end time: May 25 15:23 CST
"chat_server_tests" time elapsed: 00:00:00
----------------------------------------------------------

2/2 Testing: chat_protocol_fuzz
2/2 Test: chat_protocol_fuzz
Command: "/home/lin/chat_server/build/chat_protocol_fuzz" "--corpus" "/home/lin/chat_server/tests/corpus/protocol" "--iterations" "5000"
Directory: /home/lin/chat_server/build
"chat_protocol_fuzz" start time: May 25 15:23 CST
Output:
----------------------------------------------------------
fuzz run complete
<end of output>
Test time =   0.31 sec
----------------------------------------------------------
Test Passed.
"chat_protocol_fuzz" end time: May 25 15:23 CST
"chat_protocol_fuzz" time elapsed: 00:00:00
----------------------------------------------------------

End testing: May 25 15:23 CST
